2023-04-29 15:26:23,975 [Worker-1: Loading available Gradle versions] INFO  o.e.b.c.i.u.g.PublishedGradleVersions - Gradle version information cache is up-to-date. Trying to read.
2023-04-29 15:28:21,830 [Worker-23: Updating Maven Dependencies] INFO  o.e.m.c.i.l.LifecycleMappingFactory - Using org.maven.ide.eclipse.wtp.WarLifecycleMapping lifecycle mapping for MavenProject: signup:signup:0.0.1-SNAPSHOT @ C:\Users\Bhushan Kadam\Desktop\Oytie\Back\Testing1\1\signup\pom.xml.
2023-04-29 15:28:24,741 [Worker-27: Building] WARN  o.e.m.c.i.embedder.EclipseLogger - Using platform encoding (Cp1252 actually) to copy filtered resources, i.e. build is platform dependent!
2023-04-29 15:28:24,744 [Worker-27: Building] INFO  o.e.m.c.i.embedder.EclipseLogger - skip non existing resourceDirectory C:\Users\Bhushan Kadam\Desktop\Oytie\Back\Testing1\1\signup\src\main\resources
2023-04-29 15:28:24,748 [Worker-27: Building] WARN  o.e.m.c.i.embedder.EclipseLogger - Using platform encoding (Cp1252 actually) to copy filtered resources, i.e. build is platform dependent!
2023-04-29 15:28:24,750 [Worker-27: Building] INFO  o.e.m.c.i.embedder.EclipseLogger - skip non existing resourceDirectory C:\Users\Bhushan Kadam\Desktop\Oytie\Back\Testing1\1\signup\src\test\resources
2023-04-29 15:29:06,887 [Worker-23: Building] WARN  o.e.m.c.i.embedder.EclipseLogger - Using platform encoding (Cp1252 actually) to copy filtered resources, i.e. build is platform dependent!
2023-04-29 15:29:06,890 [Worker-23: Building] INFO  o.e.m.c.i.embedder.EclipseLogger - skip non existing resourceDirectory C:\Users\Bhushan Kadam\Desktop\Oytie\Back\Testing1\1\signup\src\main\resources
2023-04-29 15:29:06,892 [Worker-23: Building] WARN  o.e.m.c.i.embedder.EclipseLogger - Using platform encoding (Cp1252 actually) to copy filtered resources, i.e. build is platform dependent!
2023-04-29 15:29:06,893 [Worker-23: Building] INFO  o.e.m.c.i.embedder.EclipseLogger - skip non existing resourceDirectory C:\Users\Bhushan Kadam\Desktop\Oytie\Back\Testing1\1\signup\src\test\resources
2023-04-29 15:29:39,729 [Worker-26: Building] WARN  o.e.m.c.i.embedder.EclipseLogger - Using platform encoding (Cp1252 actually) to copy filtered resources, i.e. build is platform dependent!
2023-04-29 15:29:39,730 [Worker-26: Building] INFO  o.e.m.c.i.embedder.EclipseLogger - skip non existing resourceDirectory C:\Users\Bhushan Kadam\Desktop\Oytie\Back\Testing1\1\signup\src\main\resources
2023-04-29 15:29:39,732 [Worker-26: Building] WARN  o.e.m.c.i.embedder.EclipseLogger - Using platform encoding (Cp1252 actually) to copy filtered resources, i.e. build is platform dependent!
2023-04-29 15:29:39,733 [Worker-26: Building] INFO  o.e.m.c.i.embedder.EclipseLogger - skip non existing resourceDirectory C:\Users\Bhushan Kadam\Desktop\Oytie\Back\Testing1\1\signup\src\test\resources
2023-04-29 15:31:54,035 [Worker-7: Building] WARN  o.e.m.c.i.embedder.EclipseLogger - Using platform encoding (Cp1252 actually) to copy filtered resources, i.e. build is platform dependent!
2023-04-29 15:31:54,036 [Worker-7: Building] INFO  o.e.m.c.i.embedder.EclipseLogger - skip non existing resourceDirectory C:\Users\Bhushan Kadam\Desktop\Oytie\Back\Testing1\1\signup\src\main\resources
2023-04-29 15:31:54,037 [Worker-7: Building] WARN  o.e.m.c.i.embedder.EclipseLogger - Using platform encoding (Cp1252 actually) to copy filtered resources, i.e. build is platform dependent!
2023-04-29 15:31:54,038 [Worker-7: Building] INFO  o.e.m.c.i.embedder.EclipseLogger - skip non existing resourceDirectory C:\Users\Bhushan Kadam\Desktop\Oytie\Back\Testing1\1\signup\src\test\resources
2023-04-29 15:33:43,537 [Worker-28: Building] WARN  o.e.m.c.i.embedder.EclipseLogger - Using platform encoding (Cp1252 actually) to copy filtered resources, i.e. build is platform dependent!
2023-04-29 15:33:43,539 [Worker-28: Building] INFO  o.e.m.c.i.embedder.EclipseLogger - skip non existing resourceDirectory C:\Users\Bhushan Kadam\Desktop\Oytie\Back\Testing1\1\signup\src\main\resources
2023-04-29 15:33:43,542 [Worker-28: Building] WARN  o.e.m.c.i.embedder.EclipseLogger - Using platform encoding (Cp1252 actually) to copy filtered resources, i.e. build is platform dependent!
2023-04-29 15:33:43,544 [Worker-28: Building] INFO  o.e.m.c.i.embedder.EclipseLogger - skip non existing resourceDirectory C:\Users\Bhushan Kadam\Desktop\Oytie\Back\Testing1\1\signup\src\test\resources
2023-04-29 15:34:26,154 [Worker-30: Building] WARN  o.e.m.c.i.embedder.EclipseLogger - Using platform encoding (Cp1252 actually) to copy filtered resources, i.e. build is platform dependent!
2023-04-29 15:34:26,156 [Worker-30: Building] INFO  o.e.m.c.i.embedder.EclipseLogger - skip non existing resourceDirectory C:\Users\Bhushan Kadam\Desktop\Oytie\Back\Testing1\1\signup\src\main\resources
2023-04-29 15:34:26,158 [Worker-30: Building] WARN  o.e.m.c.i.embedder.EclipseLogger - Using platform encoding (Cp1252 actually) to copy filtered resources, i.e. build is platform dependent!
2023-04-29 15:34:26,161 [Worker-30: Building] INFO  o.e.m.c.i.embedder.EclipseLogger - skip non existing resourceDirectory C:\Users\Bhushan Kadam\Desktop\Oytie\Back\Testing1\1\signup\src\test\resources
2023-04-29 15:37:09,466 [Worker-29: Building] WARN  o.e.m.c.i.embedder.EclipseLogger - Using platform encoding (Cp1252 actually) to copy filtered resources, i.e. build is platform dependent!
2023-04-29 15:37:09,467 [Worker-29: Building] INFO  o.e.m.c.i.embedder.EclipseLogger - skip non existing resourceDirectory C:\Users\Bhushan Kadam\Desktop\Oytie\Back\Testing1\1\signup\src\main\resources
2023-04-29 15:37:09,469 [Worker-29: Building] WARN  o.e.m.c.i.embedder.EclipseLogger - Using platform encoding (Cp1252 actually) to copy filtered resources, i.e. build is platform dependent!
2023-04-29 15:37:09,473 [Worker-29: Building] INFO  o.e.m.c.i.embedder.EclipseLogger - skip non existing resourceDirectory C:\Users\Bhushan Kadam\Desktop\Oytie\Back\Testing1\1\signup\src\test\resources
2023-04-29 15:37:16,551 [Worker-30: Building] WARN  o.e.m.c.i.embedder.EclipseLogger - Using platform encoding (Cp1252 actually) to copy filtered resources, i.e. build is platform dependent!
2023-04-29 15:37:16,553 [Worker-30: Building] INFO  o.e.m.c.i.embedder.EclipseLogger - skip non existing resourceDirectory C:\Users\Bhushan Kadam\Desktop\Oytie\Back\Testing1\1\signup\src\main\resources
2023-04-29 15:37:16,560 [Worker-30: Building] WARN  o.e.m.c.i.embedder.EclipseLogger - Using platform encoding (Cp1252 actually) to copy filtered resources, i.e. build is platform dependent!
2023-04-29 15:37:16,561 [Worker-30: Building] INFO  o.e.m.c.i.embedder.EclipseLogger - skip non existing resourceDirectory C:\Users\Bhushan Kadam\Desktop\Oytie\Back\Testing1\1\signup\src\test\resources
2023-04-29 15:37:45,676 [Worker-31: Building] WARN  o.e.m.c.i.embedder.EclipseLogger - Using platform encoding (Cp1252 actually) to copy filtered resources, i.e. build is platform dependent!
2023-04-29 15:37:45,677 [Worker-31: Building] INFO  o.e.m.c.i.embedder.EclipseLogger - skip non existing resourceDirectory C:\Users\Bhushan Kadam\Desktop\Oytie\Back\Testing1\1\signup\src\main\resources
2023-04-29 15:37:45,678 [Worker-31: Building] WARN  o.e.m.c.i.embedder.EclipseLogger - Using platform encoding (Cp1252 actually) to copy filtered resources, i.e. build is platform dependent!
2023-04-29 15:37:45,679 [Worker-31: Building] INFO  o.e.m.c.i.embedder.EclipseLogger - skip non existing resourceDirectory C:\Users\Bhushan Kadam\Desktop\Oytie\Back\Testing1\1\signup\src\test\resources
2023-04-29 21:58:10,204 [Worker-4: Loading available Gradle versions] INFO  o.e.b.c.i.u.g.PublishedGradleVersions - Gradle version information cache is up-to-date. Trying to read.
2023-04-29 21:58:12,785 [Worker-4: Building] WARN  o.e.m.c.i.embedder.EclipseLogger - Using platform encoding (Cp1252 actually) to copy filtered resources, i.e. build is platform dependent!
2023-04-29 21:58:12,787 [Worker-4: Building] INFO  o.e.m.c.i.embedder.EclipseLogger - skip non existing resourceDirectory C:\Users\Bhushan Kadam\Desktop\Oytie\Back\Testing1\1\signup\src\main\resources
2023-04-29 21:58:12,790 [Worker-4: Building] WARN  o.e.m.c.i.embedder.EclipseLogger - Using platform encoding (Cp1252 actually) to copy filtered resources, i.e. build is platform dependent!
2023-04-29 21:58:12,792 [Worker-4: Building] INFO  o.e.m.c.i.embedder.EclipseLogger - skip non existing resourceDirectory C:\Users\Bhushan Kadam\Desktop\Oytie\Back\Testing1\1\signup\src\test\resources
2023-04-29 22:00:55,101 [Worker-5: Loading available Gradle versions] INFO  o.e.b.c.i.u.g.PublishedGradleVersions - Gradle version information cache is up-to-date. Trying to read.
2023-04-29 22:00:58,146 [Worker-13: Building] WARN  o.e.m.c.i.embedder.EclipseLogger - Using platform encoding (Cp1252 actually) to copy filtered resources, i.e. build is platform dependent!
2023-04-29 22:00:58,147 [Worker-13: Building] INFO  o.e.m.c.i.embedder.EclipseLogger - skip non existing resourceDirectory C:\Users\Bhushan Kadam\Desktop\Oytie\Back\Testing1\2\signup\src\main\resources
2023-04-29 22:00:58,151 [Worker-13: Building] WARN  o.e.m.c.i.embedder.EclipseLogger - Using platform encoding (Cp1252 actually) to copy filtered resources, i.e. build is platform dependent!
2023-04-29 22:00:58,153 [Worker-13: Building] INFO  o.e.m.c.i.embedder.EclipseLogger - skip non existing resourceDirectory C:\Users\Bhushan Kadam\Desktop\Oytie\Back\Testing1\2\signup\src\test\resources
2023-04-29 22:01:34,863 [Worker-3: Building] WARN  o.e.m.c.i.embedder.EclipseLogger - Using platform encoding (Cp1252 actually) to copy filtered resources, i.e. build is platform dependent!
2023-04-29 22:01:34,866 [Worker-3: Building] INFO  o.e.m.c.i.embedder.EclipseLogger - skip non existing resourceDirectory C:\Users\Bhushan Kadam\Desktop\Oytie\Back\Testing1\2\signup\src\main\resources
2023-04-29 22:01:34,869 [Worker-3: Building] WARN  o.e.m.c.i.embedder.EclipseLogger - Using platform encoding (Cp1252 actually) to copy filtered resources, i.e. build is platform dependent!
2023-04-29 22:01:34,871 [Worker-3: Building] INFO  o.e.m.c.i.embedder.EclipseLogger - skip non existing resourceDirectory C:\Users\Bhushan Kadam\Desktop\Oytie\Back\Testing1\2\signup\src\test\resources
2023-04-29 22:02:06,428 [Worker-9: Building] WARN  o.e.m.c.i.embedder.EclipseLogger - Using platform encoding (Cp1252 actually) to copy filtered resources, i.e. build is platform dependent!
2023-04-29 22:02:06,429 [Worker-9: Building] INFO  o.e.m.c.i.embedder.EclipseLogger - skip non existing resourceDirectory C:\Users\Bhushan Kadam\Desktop\Oytie\Back\Testing1\2\signup\src\main\resources
2023-04-29 22:02:06,430 [Worker-9: Building] WARN  o.e.m.c.i.embedder.EclipseLogger - Using platform encoding (Cp1252 actually) to copy filtered resources, i.e. build is platform dependent!
2023-04-29 22:02:06,430 [Worker-9: Building] INFO  o.e.m.c.i.embedder.EclipseLogger - skip non existing resourceDirectory C:\Users\Bhushan Kadam\Desktop\Oytie\Back\Testing1\2\signup\src\test\resources
2023-04-29 22:09:14,503 [Worker-9: Building] WARN  o.e.m.c.i.embedder.EclipseLogger - Using platform encoding (Cp1252 actually) to copy filtered resources, i.e. build is platform dependent!
2023-04-29 22:09:14,509 [Worker-9: Building] INFO  o.e.m.c.i.embedder.EclipseLogger - skip non existing resourceDirectory C:\Users\Bhushan Kadam\Desktop\Oytie\Back\Testing1\2\signup\src\main\resources
2023-04-29 22:09:14,512 [Worker-9: Building] WARN  o.e.m.c.i.embedder.EclipseLogger - Using platform encoding (Cp1252 actually) to copy filtered resources, i.e. build is platform dependent!
2023-04-29 22:09:14,514 [Worker-9: Building] INFO  o.e.m.c.i.embedder.EclipseLogger - skip non existing resourceDirectory C:\Users\Bhushan Kadam\Desktop\Oytie\Back\Testing1\2\signup\src\test\resources
2023-04-29 22:16:00,338 [Worker-25: Building] WARN  o.e.m.c.i.embedder.EclipseLogger - Using platform encoding (Cp1252 actually) to copy filtered resources, i.e. build is platform dependent!
2023-04-29 22:16:00,339 [Worker-25: Building] INFO  o.e.m.c.i.embedder.EclipseLogger - skip non existing resourceDirectory C:\Users\Bhushan Kadam\Desktop\Oytie\Back\Testing1\2\signup\src\main\resources
2023-04-29 22:16:00,341 [Worker-25: Building] WARN  o.e.m.c.i.embedder.EclipseLogger - Using platform encoding (Cp1252 actually) to copy filtered resources, i.e. build is platform dependent!
2023-04-29 22:16:00,344 [Worker-25: Building] INFO  o.e.m.c.i.embedder.EclipseLogger - skip non existing resourceDirectory C:\Users\Bhushan Kadam\Desktop\Oytie\Back\Testing1\2\signup\src\test\resources
2023-04-29 22:17:13,608 [Worker-8: Building] WARN  o.e.m.c.i.embedder.EclipseLogger - Using platform encoding (Cp1252 actually) to copy filtered resources, i.e. build is platform dependent!
2023-04-29 22:17:13,609 [Worker-8: Building] INFO  o.e.m.c.i.embedder.EclipseLogger - skip non existing resourceDirectory C:\Users\Bhushan Kadam\Desktop\Oytie\Back\Testing1\2\signup\src\main\resources
2023-04-29 22:17:13,612 [Worker-8: Building] WARN  o.e.m.c.i.embedder.EclipseLogger - Using platform encoding (Cp1252 actually) to copy filtered resources, i.e. build is platform dependent!
2023-04-29 22:17:13,613 [Worker-8: Building] INFO  o.e.m.c.i.embedder.EclipseLogger - skip non existing resourceDirectory C:\Users\Bhushan Kadam\Desktop\Oytie\Back\Testing1\2\signup\src\test\resources
2023-04-29 22:18:19,740 [Worker-8: Building] WARN  o.e.m.c.i.embedder.EclipseLogger - Using platform encoding (Cp1252 actually) to copy filtered resources, i.e. build is platform dependent!
2023-04-29 22:18:19,740 [Worker-8: Building] INFO  o.e.m.c.i.embedder.EclipseLogger - skip non existing resourceDirectory C:\Users\Bhushan Kadam\Desktop\Oytie\Back\Testing1\2\signup\src\main\resources
2023-04-29 22:18:19,742 [Worker-8: Building] WARN  o.e.m.c.i.embedder.EclipseLogger - Using platform encoding (Cp1252 actually) to copy filtered resources, i.e. build is platform dependent!
2023-04-29 22:18:19,742 [Worker-8: Building] INFO  o.e.m.c.i.embedder.EclipseLogger - skip non existing resourceDirectory C:\Users\Bhushan Kadam\Desktop\Oytie\Back\Testing1\2\signup\src\test\resources
2023-04-29 22:18:49,485 [Worker-8: Building] WARN  o.e.m.c.i.embedder.EclipseLogger - Using platform encoding (Cp1252 actually) to copy filtered resources, i.e. build is platform dependent!
2023-04-29 22:18:49,486 [Worker-8: Building] INFO  o.e.m.c.i.embedder.EclipseLogger - skip non existing resourceDirectory C:\Users\Bhushan Kadam\Desktop\Oytie\Back\Testing1\2\signup\src\main\resources
2023-04-29 22:18:49,488 [Worker-8: Building] WARN  o.e.m.c.i.embedder.EclipseLogger - Using platform encoding (Cp1252 actually) to copy filtered resources, i.e. build is platform dependent!
2023-04-29 22:18:49,489 [Worker-8: Building] INFO  o.e.m.c.i.embedder.EclipseLogger - skip non existing resourceDirectory C:\Users\Bhushan Kadam\Desktop\Oytie\Back\Testing1\2\signup\src\test\resources
2023-04-29 22:21:01,346 [Worker-30: Building] WARN  o.e.m.c.i.embedder.EclipseLogger - Using platform encoding (Cp1252 actually) to copy filtered resources, i.e. build is platform dependent!
2023-04-29 22:21:01,347 [Worker-30: Building] INFO  o.e.m.c.i.embedder.EclipseLogger - skip non existing resourceDirectory C:\Users\Bhushan Kadam\Desktop\Oytie\Back\Testing1\2\signup\src\main\resources
2023-04-29 22:21:01,348 [Worker-30: Building] WARN  o.e.m.c.i.embedder.EclipseLogger - Using platform encoding (Cp1252 actually) to copy filtered resources, i.e. build is platform dependent!
2023-04-29 22:21:01,349 [Worker-30: Building] INFO  o.e.m.c.i.embedder.EclipseLogger - skip non existing resourceDirectory C:\Users\Bhushan Kadam\Desktop\Oytie\Back\Testing1\2\signup\src\test\resources
2023-04-29 22:25:04,386 [Worker-29: Building] WARN  o.e.m.c.i.embedder.EclipseLogger - Using platform encoding (Cp1252 actually) to copy filtered resources, i.e. build is platform dependent!
2023-04-29 22:25:04,387 [Worker-29: Building] INFO  o.e.m.c.i.embedder.EclipseLogger - skip non existing resourceDirectory C:\Users\Bhushan Kadam\Desktop\Oytie\Back\Testing1\2\signup\src\main\resources
2023-04-29 22:25:04,388 [Worker-29: Building] WARN  o.e.m.c.i.embedder.EclipseLogger - Using platform encoding (Cp1252 actually) to copy filtered resources, i.e. build is platform dependent!
2023-04-29 22:25:04,389 [Worker-29: Building] INFO  o.e.m.c.i.embedder.EclipseLogger - skip non existing resourceDirectory C:\Users\Bhushan Kadam\Desktop\Oytie\Back\Testing1\2\signup\src\test\resources
2023-04-29 22:32:21,383 [Worker-8: Building] WARN  o.e.m.c.i.embedder.EclipseLogger - Using platform encoding (Cp1252 actually) to copy filtered resources, i.e. build is platform dependent!
2023-04-29 22:32:21,384 [Worker-8: Building] INFO  o.e.m.c.i.embedder.EclipseLogger - skip non existing resourceDirectory C:\Users\Bhushan Kadam\Desktop\Oytie\Back\Testing1\2\signup\src\main\resources
2023-04-29 22:32:21,385 [Worker-8: Building] WARN  o.e.m.c.i.embedder.EclipseLogger - Using platform encoding (Cp1252 actually) to copy filtered resources, i.e. build is platform dependent!
2023-04-29 22:32:21,385 [Worker-8: Building] INFO  o.e.m.c.i.embedder.EclipseLogger - skip non existing resourceDirectory C:\Users\Bhushan Kadam\Desktop\Oytie\Back\Testing1\2\signup\src\test\resources
2023-04-29 22:34:03,042 [Worker-32: Building] WARN  o.e.m.c.i.embedder.EclipseLogger - Using platform encoding (Cp1252 actually) to copy filtered resources, i.e. build is platform dependent!
2023-04-29 22:34:03,043 [Worker-32: Building] INFO  o.e.m.c.i.embedder.EclipseLogger - skip non existing resourceDirectory C:\Users\Bhushan Kadam\Desktop\Oytie\Back\Testing1\2\signup\src\main\resources
2023-04-29 22:34:03,043 [Worker-32: Building] WARN  o.e.m.c.i.embedder.EclipseLogger - Using platform encoding (Cp1252 actually) to copy filtered resources, i.e. build is platform dependent!
2023-04-29 22:34:03,044 [Worker-32: Building] INFO  o.e.m.c.i.embedder.EclipseLogger - skip non existing resourceDirectory C:\Users\Bhushan Kadam\Desktop\Oytie\Back\Testing1\2\signup\src\test\resources
2023-04-29 22:35:26,563 [Worker-31: Building] WARN  o.e.m.c.i.embedder.EclipseLogger - Using platform encoding (Cp1252 actually) to copy filtered resources, i.e. build is platform dependent!
2023-04-29 22:35:26,564 [Worker-31: Building] INFO  o.e.m.c.i.embedder.EclipseLogger - skip non existing resourceDirectory C:\Users\Bhushan Kadam\Desktop\Oytie\Back\Testing1\2\signup\src\main\resources
2023-04-29 22:35:26,565 [Worker-31: Building] WARN  o.e.m.c.i.embedder.EclipseLogger - Using platform encoding (Cp1252 actually) to copy filtered resources, i.e. build is platform dependent!
2023-04-29 22:35:26,566 [Worker-31: Building] INFO  o.e.m.c.i.embedder.EclipseLogger - skip non existing resourceDirectory C:\Users\Bhushan Kadam\Desktop\Oytie\Back\Testing1\2\signup\src\test\resources
2023-04-29 22:41:23,978 [Worker-38: Building] WARN  o.e.m.c.i.embedder.EclipseLogger - Using platform encoding (Cp1252 actually) to copy filtered resources, i.e. build is platform dependent!
2023-04-29 22:41:23,979 [Worker-38: Building] INFO  o.e.m.c.i.embedder.EclipseLogger - skip non existing resourceDirectory C:\Users\Bhushan Kadam\Desktop\Oytie\Back\Testing1\2\signup\src\main\resources
2023-04-29 22:41:23,980 [Worker-38: Building] WARN  o.e.m.c.i.embedder.EclipseLogger - Using platform encoding (Cp1252 actually) to copy filtered resources, i.e. build is platform dependent!
2023-04-29 22:41:23,980 [Worker-38: Building] INFO  o.e.m.c.i.embedder.EclipseLogger - skip non existing resourceDirectory C:\Users\Bhushan Kadam\Desktop\Oytie\Back\Testing1\2\signup\src\test\resources
2023-04-29 22:46:46,386 [Worker-40: Building] WARN  o.e.m.c.i.embedder.EclipseLogger - Using platform encoding (Cp1252 actually) to copy filtered resources, i.e. build is platform dependent!
2023-04-29 22:46:46,387 [Worker-40: Building] INFO  o.e.m.c.i.embedder.EclipseLogger - skip non existing resourceDirectory C:\Users\Bhushan Kadam\Desktop\Oytie\Back\Testing1\2\signup\src\main\resources
2023-04-29 22:46:46,389 [Worker-40: Building] WARN  o.e.m.c.i.embedder.EclipseLogger - Using platform encoding (Cp1252 actually) to copy filtered resources, i.e. build is platform dependent!
2023-04-29 22:46:46,390 [Worker-40: Building] INFO  o.e.m.c.i.embedder.EclipseLogger - skip non existing resourceDirectory C:\Users\Bhushan Kadam\Desktop\Oytie\Back\Testing1\2\signup\src\test\resources
2023-04-29 22:46:59,139 [Worker-40: Building] WARN  o.e.m.c.i.embedder.EclipseLogger - Using platform encoding (Cp1252 actually) to copy filtered resources, i.e. build is platform dependent!
2023-04-29 22:46:59,140 [Worker-40: Building] INFO  o.e.m.c.i.embedder.EclipseLogger - skip non existing resourceDirectory C:\Users\Bhushan Kadam\Desktop\Oytie\Back\Testing1\2\signup\src\main\resources
2023-04-29 22:46:59,142 [Worker-40: Building] WARN  o.e.m.c.i.embedder.EclipseLogger - Using platform encoding (Cp1252 actually) to copy filtered resources, i.e. build is platform dependent!
2023-04-29 22:46:59,143 [Worker-40: Building] INFO  o.e.m.c.i.embedder.EclipseLogger - skip non existing resourceDirectory C:\Users\Bhushan Kadam\Desktop\Oytie\Back\Testing1\2\signup\src\test\resources
2023-04-29 22:53:11,916 [Worker-32: Building] WARN  o.e.m.c.i.embedder.EclipseLogger - Using platform encoding (Cp1252 actually) to copy filtered resources, i.e. build is platform dependent!
2023-04-29 22:53:11,918 [Worker-32: Building] INFO  o.e.m.c.i.embedder.EclipseLogger - skip non existing resourceDirectory C:\Users\Bhushan Kadam\Desktop\Oytie\Back\Testing1\2\signup\src\main\resources
2023-04-29 22:53:11,919 [Worker-32: Building] WARN  o.e.m.c.i.embedder.EclipseLogger - Using platform encoding (Cp1252 actually) to copy filtered resources, i.e. build is platform dependent!
2023-04-29 22:53:11,921 [Worker-32: Building] INFO  o.e.m.c.i.embedder.EclipseLogger - skip non existing resourceDirectory C:\Users\Bhushan Kadam\Desktop\Oytie\Back\Testing1\2\signup\src\test\resources
2023-04-29 22:58:13,968 [Worker-38: Building] WARN  o.e.m.c.i.embedder.EclipseLogger - Using platform encoding (Cp1252 actually) to copy filtered resources, i.e. build is platform dependent!
2023-04-29 22:58:13,969 [Worker-38: Building] INFO  o.e.m.c.i.embedder.EclipseLogger - skip non existing resourceDirectory C:\Users\Bhushan Kadam\Desktop\Oytie\Back\Testing1\2\signup\src\main\resources
2023-04-29 22:58:13,971 [Worker-38: Building] WARN  o.e.m.c.i.embedder.EclipseLogger - Using platform encoding (Cp1252 actually) to copy filtered resources, i.e. build is platform dependent!
2023-04-29 22:58:13,972 [Worker-38: Building] INFO  o.e.m.c.i.embedder.EclipseLogger - skip non existing resourceDirectory C:\Users\Bhushan Kadam\Desktop\Oytie\Back\Testing1\2\signup\src\test\resources
2023-04-29 23:00:12,457 [Worker-40: Building] WARN  o.e.m.c.i.embedder.EclipseLogger - Using platform encoding (Cp1252 actually) to copy filtered resources, i.e. build is platform dependent!
2023-04-29 23:00:12,458 [Worker-40: Building] INFO  o.e.m.c.i.embedder.EclipseLogger - skip non existing resourceDirectory C:\Users\Bhushan Kadam\Desktop\Oytie\Back\Testing1\2\signup\src\main\resources
2023-04-29 23:00:12,459 [Worker-40: Building] WARN  o.e.m.c.i.embedder.EclipseLogger - Using platform encoding (Cp1252 actually) to copy filtered resources, i.e. build is platform dependent!
2023-04-29 23:00:12,459 [Worker-40: Building] INFO  o.e.m.c.i.embedder.EclipseLogger - skip non existing resourceDirectory C:\Users\Bhushan Kadam\Desktop\Oytie\Back\Testing1\2\signup\src\test\resources
2023-04-29 23:01:05,872 [Worker-32: Building] WARN  o.e.m.c.i.embedder.EclipseLogger - Using platform encoding (Cp1252 actually) to copy filtered resources, i.e. build is platform dependent!
2023-04-29 23:01:05,873 [Worker-32: Building] INFO  o.e.m.c.i.embedder.EclipseLogger - skip non existing resourceDirectory C:\Users\Bhushan Kadam\Desktop\Oytie\Back\Testing1\2\signup\src\main\resources
2023-04-29 23:01:05,873 [Worker-32: Building] WARN  o.e.m.c.i.embedder.EclipseLogger - Using platform encoding (Cp1252 actually) to copy filtered resources, i.e. build is platform dependent!
2023-04-29 23:01:05,874 [Worker-32: Building] INFO  o.e.m.c.i.embedder.EclipseLogger - skip non existing resourceDirectory C:\Users\Bhushan Kadam\Desktop\Oytie\Back\Testing1\2\signup\src\test\resources
2023-04-29 23:02:29,663 [Worker-38: Building] WARN  o.e.m.c.i.embedder.EclipseLogger - Using platform encoding (Cp1252 actually) to copy filtered resources, i.e. build is platform dependent!
2023-04-29 23:02:29,665 [Worker-38: Building] INFO  o.e.m.c.i.embedder.EclipseLogger - skip non existing resourceDirectory C:\Users\Bhushan Kadam\Desktop\Oytie\Back\Testing1\2\signup\src\main\resources
2023-04-29 23:02:29,665 [Worker-38: Building] WARN  o.e.m.c.i.embedder.EclipseLogger - Using platform encoding (Cp1252 actually) to copy filtered resources, i.e. build is platform dependent!
2023-04-29 23:02:29,666 [Worker-38: Building] INFO  o.e.m.c.i.embedder.EclipseLogger - skip non existing resourceDirectory C:\Users\Bhushan Kadam\Desktop\Oytie\Back\Testing1\2\signup\src\test\resources
2023-04-29 23:05:30,344 [Worker-44: Building] WARN  o.e.m.c.i.embedder.EclipseLogger - Using platform encoding (Cp1252 actually) to copy filtered resources, i.e. build is platform dependent!
2023-04-29 23:05:30,345 [Worker-44: Building] INFO  o.e.m.c.i.embedder.EclipseLogger - skip non existing resourceDirectory C:\Users\Bhushan Kadam\Desktop\Oytie\Back\Testing1\2\signup\src\main\resources
2023-04-29 23:05:30,345 [Worker-44: Building] WARN  o.e.m.c.i.embedder.EclipseLogger - Using platform encoding (Cp1252 actually) to copy filtered resources, i.e. build is platform dependent!
2023-04-29 23:05:30,346 [Worker-44: Building] INFO  o.e.m.c.i.embedder.EclipseLogger - skip non existing resourceDirectory C:\Users\Bhushan Kadam\Desktop\Oytie\Back\Testing1\2\signup\src\test\resources
2023-04-29 23:06:08,189 [Worker-39: Building] WARN  o.e.m.c.i.embedder.EclipseLogger - Using platform encoding (Cp1252 actually) to copy filtered resources, i.e. build is platform dependent!
2023-04-29 23:06:08,190 [Worker-39: Building] INFO  o.e.m.c.i.embedder.EclipseLogger - skip non existing resourceDirectory C:\Users\Bhushan Kadam\Desktop\Oytie\Back\Testing1\2\signup\src\main\resources
2023-04-29 23:06:08,191 [Worker-39: Building] WARN  o.e.m.c.i.embedder.EclipseLogger - Using platform encoding (Cp1252 actually) to copy filtered resources, i.e. build is platform dependent!
2023-04-29 23:06:08,192 [Worker-39: Building] INFO  o.e.m.c.i.embedder.EclipseLogger - skip non existing resourceDirectory C:\Users\Bhushan Kadam\Desktop\Oytie\Back\Testing1\2\signup\src\test\resources
2023-04-29 23:08:44,231 [Worker-32: Building] WARN  o.e.m.c.i.embedder.EclipseLogger - Using platform encoding (Cp1252 actually) to copy filtered resources, i.e. build is platform dependent!
2023-04-29 23:08:44,231 [Worker-32: Building] INFO  o.e.m.c.i.embedder.EclipseLogger - skip non existing resourceDirectory C:\Users\Bhushan Kadam\Desktop\Oytie\Back\Testing1\2\signup\src\main\resources
2023-04-29 23:08:44,232 [Worker-32: Building] WARN  o.e.m.c.i.embedder.EclipseLogger - Using platform encoding (Cp1252 actually) to copy filtered resources, i.e. build is platform dependent!
2023-04-29 23:08:44,233 [Worker-32: Building] INFO  o.e.m.c.i.embedder.EclipseLogger - skip non existing resourceDirectory C:\Users\Bhushan Kadam\Desktop\Oytie\Back\Testing1\2\signup\src\test\resources
2023-04-29 23:09:49,822 [Worker-44: Building] WARN  o.e.m.c.i.embedder.EclipseLogger - Using platform encoding (Cp1252 actually) to copy filtered resources, i.e. build is platform dependent!
2023-04-29 23:09:49,823 [Worker-44: Building] INFO  o.e.m.c.i.embedder.EclipseLogger - skip non existing resourceDirectory C:\Users\Bhushan Kadam\Desktop\Oytie\Back\Testing1\2\signup\src\main\resources
2023-04-29 23:09:49,824 [Worker-44: Building] WARN  o.e.m.c.i.embedder.EclipseLogger - Using platform encoding (Cp1252 actually) to copy filtered resources, i.e. build is platform dependent!
2023-04-29 23:09:49,825 [Worker-44: Building] INFO  o.e.m.c.i.embedder.EclipseLogger - skip non existing resourceDirectory C:\Users\Bhushan Kadam\Desktop\Oytie\Back\Testing1\2\signup\src\test\resources
2023-04-29 23:12:55,755 [Worker-32: Building] WARN  o.e.m.c.i.embedder.EclipseLogger - Using platform encoding (Cp1252 actually) to copy filtered resources, i.e. build is platform dependent!
2023-04-29 23:12:55,756 [Worker-32: Building] INFO  o.e.m.c.i.embedder.EclipseLogger - skip non existing resourceDirectory C:\Users\Bhushan Kadam\Desktop\Oytie\Back\Testing1\2\signup\src\main\resources
2023-04-29 23:12:55,757 [Worker-32: Building] WARN  o.e.m.c.i.embedder.EclipseLogger - Using platform encoding (Cp1252 actually) to copy filtered resources, i.e. build is platform dependent!
2023-04-29 23:12:55,758 [Worker-32: Building] INFO  o.e.m.c.i.embedder.EclipseLogger - skip non existing resourceDirectory C:\Users\Bhushan Kadam\Desktop\Oytie\Back\Testing1\2\signup\src\test\resources
2023-04-29 23:13:10,396 [Worker-44: Building] WARN  o.e.m.c.i.embedder.EclipseLogger - Using platform encoding (Cp1252 actually) to copy filtered resources, i.e. build is platform dependent!
2023-04-29 23:13:10,397 [Worker-44: Building] INFO  o.e.m.c.i.embedder.EclipseLogger - skip non existing resourceDirectory C:\Users\Bhushan Kadam\Desktop\Oytie\Back\Testing1\2\signup\src\main\resources
2023-04-29 23:13:10,398 [Worker-44: Building] WARN  o.e.m.c.i.embedder.EclipseLogger - Using platform encoding (Cp1252 actually) to copy filtered resources, i.e. build is platform dependent!
2023-04-29 23:13:10,399 [Worker-44: Building] INFO  o.e.m.c.i.embedder.EclipseLogger - skip non existing resourceDirectory C:\Users\Bhushan Kadam\Desktop\Oytie\Back\Testing1\2\signup\src\test\resources
2023-04-29 23:14:45,469 [Worker-44: Building] WARN  o.e.m.c.i.embedder.EclipseLogger - Using platform encoding (Cp1252 actually) to copy filtered resources, i.e. build is platform dependent!
2023-04-29 23:14:45,470 [Worker-44: Building] INFO  o.e.m.c.i.embedder.EclipseLogger - skip non existing resourceDirectory C:\Users\Bhushan Kadam\Desktop\Oytie\Back\Testing1\2\signup\src\main\resources
2023-04-29 23:14:45,470 [Worker-44: Building] WARN  o.e.m.c.i.embedder.EclipseLogger - Using platform encoding (Cp1252 actually) to copy filtered resources, i.e. build is platform dependent!
2023-04-29 23:14:45,471 [Worker-44: Building] INFO  o.e.m.c.i.embedder.EclipseLogger - skip non existing resourceDirectory C:\Users\Bhushan Kadam\Desktop\Oytie\Back\Testing1\2\signup\src\test\resources
2023-04-29 23:15:36,480 [Worker-32: Building] WARN  o.e.m.c.i.embedder.EclipseLogger - Using platform encoding (Cp1252 actually) to copy filtered resources, i.e. build is platform dependent!
2023-04-29 23:15:36,481 [Worker-32: Building] INFO  o.e.m.c.i.embedder.EclipseLogger - skip non existing resourceDirectory C:\Users\Bhushan Kadam\Desktop\Oytie\Back\Testing1\2\signup\src\main\resources
2023-04-29 23:15:36,482 [Worker-32: Building] WARN  o.e.m.c.i.embedder.EclipseLogger - Using platform encoding (Cp1252 actually) to copy filtered resources, i.e. build is platform dependent!
2023-04-29 23:15:36,482 [Worker-32: Building] INFO  o.e.m.c.i.embedder.EclipseLogger - skip non existing resourceDirectory C:\Users\Bhushan Kadam\Desktop\Oytie\Back\Testing1\2\signup\src\test\resources
